<?xml version="1.0" encoding="UTF-8"?>
<testng-results skipped="1" failed="0" ignored="0" total="1" passed="0">
  <reporter-output>
  </reporter-output>
  <suite name="Default suite" duration-ms="560" started-at="2020-04-08T09:16:02 BST" finished-at="2020-04-08T09:16:03 BST">
    <groups>
      <group name="cucumber">
        <method signature="AbstractTestNGCucumberTests.runScenario(io.cucumber.testng.PickleWrapper, io.cucumber.testng.FeatureWrapper)[pri:0, instance:runner.RunnerTest@491cc5c9]" name="runScenario" class="io.cucumber.testng.AbstractTestNGCucumberTests"/>
      </group> <!-- cucumber -->
    </groups>
    <test name="Default test" duration-ms="560" started-at="2020-04-08T09:16:02 BST" finished-at="2020-04-08T09:16:03 BST">
      <class name="runner.RunnerTest">
        <test-method status="PASS" signature="setUpClass()[pri:0, instance:runner.RunnerTest@491cc5c9]" name="setUpClass" is-config="true" duration-ms="295" started-at="2020-04-08T09:16:02 BST" finished-at="2020-04-08T09:16:02 BST">
          <reporter-output>
          </reporter-output>
        </test-method> <!-- setUpClass -->
        <test-method status="SKIP" signature="runScenario(io.cucumber.testng.PickleWrapper, io.cucumber.testng.FeatureWrapper)[pri:0, instance:runner.RunnerTest@491cc5c9]" name="runScenario" duration-ms="145" started-at="2020-04-08T09:16:02 BST" description="Runs Cucumber Scenarios" data-provider="scenarios" finished-at="2020-04-08T09:16:02 BST">
          <params>
            <param index="0">
              <value>
                <![CDATA["verify produt search"]]>
              </value>
            </param>
            <param index="1">
              <value>
                <![CDATA["verifying search module of a Car Guruji site"]]>
              </value>
            </param>
          </params>
          <exception class="io.cucumber.testng.UndefinedStepException">
            <message>
              <![CDATA[There were 7 undefined steps
The step "I am on Carguruji site" is undefined. You can implement it using the snippet(s) below:

@Given("I am on Carguruji site")
public void i_am_on_Carguruji_site() {
    // Write code here that turns the phrase above into concrete actions
    throw new io.cucumber.java.PendingException();
}

The step "I logged in the site with user name as "<emailAddress>" password as "<passwordAddress>"" is undefined. You can implement it using the snippet(s) below:

@When("I logged in the site with user name as {string} password as {string}")
public void i_logged_in_the_site_with_user_name_as_password_as(String string, String string2) {
    // Write code here that turns the phrase above into concrete actions
    throw new io.cucumber.java.PendingException();
}

The step "I verify my  account title text as "<myAccountTitleText>"" is undefined. You can implement it using the snippet(s) below:

@Then("I verify my  account title text as {string}")
public void i_verify_my_account_title_text_as(String string) {
    // Write code here that turns the phrase above into concrete actions
    throw new io.cucumber.java.PendingException();
}

The step "I search for desired product as  "<searchProduct>"" is undefined. You can implement it using the snippet(s) below:

@Then("I search for desired product as  {string}")
public void i_search_for_desired_product_as(String string) {
    // Write code here that turns the phrase above into concrete actions
    throw new io.cucumber.java.PendingException();
}

The step "I click to make product search" is undefined. You can implement it using the snippet(s) below:

@Then("I click to make product search")
public void i_click_to_make_product_search() {
    // Write code here that turns the phrase above into concrete actions
    throw new io.cucumber.java.PendingException();
}

The step "I clicked on the selected product of the searched result" is undefined. You can implement it using the snippet(s) below:

@Then("I clicked on the selected product of the searched result")
public void i_clicked_on_the_selected_product_of_the_searched_result() {
    // Write code here that turns the phrase above into concrete actions
    throw new io.cucumber.java.PendingException();
}

The step "I verifyed the serched product as "<vrifyProduct>"" is undefined. You can implement it using the snippet(s) below:

@Then("I verifyed the serched product as {string}")
public void i_verifyed_the_serched_product_as(String string) {
    // Write code here that turns the phrase above into concrete actions
    throw new io.cucumber.java.PendingException();
}
]]>
            </message>
            <full-stacktrace>
              <![CDATA[io.cucumber.testng.UndefinedStepException: There were 7 undefined steps
The step "I am on Carguruji site" is undefined. You can implement it using the snippet(s) below:

@Given("I am on Carguruji site")
public void i_am_on_Carguruji_site() {
    // Write code here that turns the phrase above into concrete actions
    throw new io.cucumber.java.PendingException();
}

The step "I logged in the site with user name as "<emailAddress>" password as "<passwordAddress>"" is undefined. You can implement it using the snippet(s) below:

@When("I logged in the site with user name as {string} password as {string}")
public void i_logged_in_the_site_with_user_name_as_password_as(String string, String string2) {
    // Write code here that turns the phrase above into concrete actions
    throw new io.cucumber.java.PendingException();
}

The step "I verify my  account title text as "<myAccountTitleText>"" is undefined. You can implement it using the snippet(s) below:

@Then("I verify my  account title text as {string}")
public void i_verify_my_account_title_text_as(String string) {
    // Write code here that turns the phrase above into concrete actions
    throw new io.cucumber.java.PendingException();
}

The step "I search for desired product as  "<searchProduct>"" is undefined. You can implement it using the snippet(s) below:

@Then("I search for desired product as  {string}")
public void i_search_for_desired_product_as(String string) {
    // Write code here that turns the phrase above into concrete actions
    throw new io.cucumber.java.PendingException();
}

The step "I click to make product search" is undefined. You can implement it using the snippet(s) below:

@Then("I click to make product search")
public void i_click_to_make_product_search() {
    // Write code here that turns the phrase above into concrete actions
    throw new io.cucumber.java.PendingException();
}

The step "I clicked on the selected product of the searched result" is undefined. You can implement it using the snippet(s) below:

@Then("I clicked on the selected product of the searched result")
public void i_clicked_on_the_selected_product_of_the_searched_result() {
    // Write code here that turns the phrase above into concrete actions
    throw new io.cucumber.java.PendingException();
}

The step "I verifyed the serched product as "<vrifyProduct>"" is undefined. You can implement it using the snippet(s) below:

@Then("I verifyed the serched product as {string}")
public void i_verifyed_the_serched_product_as(String string) {
    // Write code here that turns the phrase above into concrete actions
    throw new io.cucumber.java.PendingException();
}

at io.cucumber.testng.TestCaseResultObserver.assertTestCasePassed(TestCaseResultObserver.java:112)
at io.cucumber.testng.TestNGCucumberRunner.runScenario(TestNGCucumberRunner.java:125)
at io.cucumber.testng.AbstractTestNGCucumberTests.runScenario(AbstractTestNGCucumberTests.java:29)
at sun.reflect.NativeMethodAccessorImpl.invoke0(Native Method)
at sun.reflect.NativeMethodAccessorImpl.invoke(Unknown Source)
at sun.reflect.DelegatingMethodAccessorImpl.invoke(Unknown Source)
at java.lang.reflect.Method.invoke(Unknown Source)
at org.testng.internal.MethodInvocationHelper.invokeMethod(MethodInvocationHelper.java:134)
at org.testng.internal.TestInvoker.invokeMethod(TestInvoker.java:597)
at org.testng.internal.TestInvoker.invokeTestMethod(TestInvoker.java:173)
at org.testng.internal.MethodRunner.runInSequence(MethodRunner.java:46)
at org.testng.internal.TestInvoker$MethodInvocationAgent.invoke(TestInvoker.java:816)
at org.testng.internal.TestInvoker.invokeTestMethods(TestInvoker.java:146)
at org.testng.internal.TestMethodWorker.invokeTestMethods(TestMethodWorker.java:146)
at org.testng.internal.TestMethodWorker.run(TestMethodWorker.java:128)
at java.util.ArrayList.forEach(Unknown Source)
at org.testng.TestRunner.privateRun(TestRunner.java:766)
at org.testng.TestRunner.run(TestRunner.java:587)
at org.testng.SuiteRunner.runTest(SuiteRunner.java:384)
at org.testng.SuiteRunner.runSequentially(SuiteRunner.java:378)
at org.testng.SuiteRunner.privateRun(SuiteRunner.java:337)
at org.testng.SuiteRunner.run(SuiteRunner.java:286)
at org.testng.SuiteRunnerWorker.runSuite(SuiteRunnerWorker.java:53)
at org.testng.SuiteRunnerWorker.run(SuiteRunnerWorker.java:96)
at org.testng.TestNG.runSuitesSequentially(TestNG.java:1187)
at org.testng.TestNG.runSuitesLocally(TestNG.java:1109)
at org.testng.TestNG.runSuites(TestNG.java:1039)
at org.testng.TestNG.run(TestNG.java:1007)
at org.testng.remote.AbstractRemoteTestNG.run(AbstractRemoteTestNG.java:115)
at org.testng.remote.RemoteTestNG.initAndRun(RemoteTestNG.java:251)
at org.testng.remote.RemoteTestNG.main(RemoteTestNG.java:77)
]]>
            </full-stacktrace>
          </exception> <!-- io.cucumber.testng.UndefinedStepException -->
          <reporter-output>
          </reporter-output>
        </test-method> <!-- runScenario -->
        <test-method status="PASS" signature="tearDownClass()[pri:0, instance:runner.RunnerTest@491cc5c9]" name="tearDownClass" is-config="true" duration-ms="82" started-at="2020-04-08T09:16:02 BST" finished-at="2020-04-08T09:16:03 BST">
          <reporter-output>
          </reporter-output>
        </test-method> <!-- tearDownClass -->
      </class> <!-- runner.RunnerTest -->
    </test> <!-- Default test -->
  </suite> <!-- Default suite -->
</testng-results>
