<?xml version="1.0" encoding="UTF-8"?>
<testng-results skipped="0" failed="0" ignored="0" total="0" passed="0">
  <reporter-output>
  </reporter-output>
  <suite name="Cucumber Framework" duration-ms="9" started-at="2020-04-05T10:33:05 BST" finished-at="2020-04-05T10:33:05 BST">
    <groups>
    </groups>
    <test name="Cucumber Tests" duration-ms="9" started-at="2020-04-05T10:33:05 BST" finished-at="2020-04-05T10:33:05 BST">
    </test> <!-- Cucumber Tests -->
  </suite> <!-- Cucumber Framework -->
</testng-results>
